<?xml version="1.0" encoding="UTF-8"?>
<!-- Generated by org.testng.reporters.JUnitReportReporter -->
<testsuite skipped="0" hostname="IN2070121W2" name="Tests.DynamicXPathTemplate" tests="1" failures="0" timestamp="23 Feb 2019 06:48:15 GMT" time="0.022" errors="0">
  <testcase name="testDynamicXpath" time="0.022" classname="Tests.DynamicXPathTemplate"/>
</testsuite> <!-- Tests.DynamicXPathTemplate -->
