<?xml version="1.0" encoding="UTF-8"?>
<!-- Generated by org.testng.reporters.JUnitReportReporter -->
<testsuite skipped="0" hostname="IN2070121W2" name="Tests.ImageDisabledOption" tests="1" failures="0" timestamp="23 Feb 2019 06:20:29 GMT" time="24.939" errors="0">
  <testcase name="main" time="24.939" classname="Tests.ImageDisabledOption"/>
</testsuite> <!-- Tests.ImageDisabledOption -->
