<?xml version="1.0" encoding="UTF-8"?>
<!-- Generated by org.testng.reporters.JUnitReportReporter -->
<testsuite skipped="0" hostname="IN2070121W2" name="Tests.ScreenRecordingTest" tests="2" failures="0" timestamp="06 Jan 2019 14:10:53 GMT" time="150.638" errors="0">
  <testcase name="navigation_FeatureTest" time="115.200" classname="Tests.ScreenRecordingTest"/>
  <testcase name="navigationTest" time="35.438" classname="Tests.ScreenRecordingTest"/>
</testsuite> <!-- Tests.ScreenRecordingTest -->
